# JRE version: OpenJDK Runtime Environment (17.0.10) (build 17.0.10+0--11572160)
# Java VM: OpenJDK 64-Bit Server VM (17.0.10+0--11572160, mixed mode, tiered, compressed oops, compressed class ptrs, g1 gc, windows-amd64)
GC Precious Log:
 CPUs: 4 total, 4 available
 Memory: 8083M
 Large Page Support: Disabled
 NUMA Support: Disabled
 Compressed Oops: Enabled (32-bit)
 Heap Region Size: 1M
 Heap Min Capacity: 8M
 Heap Initial Capacity: 128M
 Heap Max Capacity: 2G
 Pre-touch: Disabled
 Parallel Workers: 4
 Concurrent Workers: 1
 Concurrent Refinement Workers: 4
 Periodic GC: Disabled
Heap:
 garbage-first heap   total 297984K, used 151624K [0x0000000080000000, 0x0000000100000000)
  region size 1024K, 11 young (11264K), 11 survivors (11264K)
 Metaspace       used 132199K, committed 133824K, reserved 1179648K
  class space    used 18309K, committed 19072K, reserved 1048576K
GC Heap History (20 events):
Event: 1211.915 GC heap after
{Heap after GC invocations=68 (full 0):
 garbage-first heap   total 297984K, used 138175K [0x0000000080000000, 0x0000000100000000)
  region size 1024K, 2 young (2048K), 2 survivors (2048K)
 Metaspace       used 129579K, committed 130688K, reserved 1179648K
  class space    used 18013K, committed 18560K, reserved 1048576K
}
Event: 1212.221 GC heap before
{Heap before GC invocations=68 (full 0):
 garbage-first heap   total 297984K, used 152511K [0x0000000080000000, 0x0000000100000000)
  region size 1024K, 18 young (18432K), 2 survivors (2048K)
 Metaspace       used 129739K, committed 130880K, reserved 1179648K
  class space    used 18015K, committed 18560K, reserved 1048576K
}
Event: 1212.241 GC heap after
{Heap after GC invocations=69 (full 0):
 garbage-first heap   total 297984K, used 136726K [0x0000000080000000, 0x0000000100000000)
  region size 1024K, 1 young (1024K), 1 survivors (1024K)
 Metaspace       used 129739K, committed 130880K, reserved 1179648K
  class space    used 18015K, committed 18560K, reserved 1048576K
}
Event: 1433.124 GC heap before
{Heap before GC invocations=70 (full 0):
 garbage-first heap   total 297984K, used 253462K [0x0000000080000000, 0x0000000100000000)
  region size 1024K, 102 young (104448K), 1 survivors (1024K)
 Metaspace       used 130128K, committed 131264K, reserved 1179648K
  class space    used 18036K, committed 18560K, reserved 1048576K
}
Event: 1433.218 GC heap after
{Heap after GC invocations=71 (full 0):
 garbage-first heap   total 297984K, used 146517K [0x0000000080000000, 0x0000000100000000)
  region size 1024K, 11 young (11264K), 11 survivors (11264K)
 Metaspace       used 130128K, committed 131264K, reserved 1179648K
  class space    used 18036K, committed 18560K, reserved 1048576K
}
Event: 1433.463 GC heap before
{Heap before GC invocations=71 (full 0):
 garbage-first heap   total 297984K, used 149589K [0x0000000080000000, 0x0000000100000000)
  region size 1024K, 14 young (14336K), 11 survivors (11264K)
 Metaspace       used 130142K, committed 131328K, reserved 1179648K
  class space    used 18037K, committed 18624K, reserved 1048576K
}
Event: 1433.629 GC heap after
{Heap after GC invocations=72 (full 0):
 garbage-first heap   total 297984K, used 138997K [0x0000000080000000, 0x0000000100000000)
  region size 1024K, 2 young (2048K), 2 survivors (2048K)
 Metaspace       used 130142K, committed 131328K, reserved 1179648K
  class space    used 18037K, committed 18624K, reserved 1048576K
}
Event: 1434.107 GC heap before
{Heap before GC invocations=72 (full 0):
 garbage-first heap   total 297984K, used 154357K [0x0000000080000000, 0x0000000100000000)
  region size 1024K, 19 young (19456K), 2 survivors (2048K)
 Metaspace       used 130276K, committed 131456K, reserved 1179648K
  class space    used 18038K, committed 18624K, reserved 1048576K
}
Event: 1434.118 GC heap after
{Heap after GC invocations=73 (full 0):
 garbage-first heap   total 297984K, used 137871K [0x0000000080000000, 0x0000000100000000)
  region size 1024K, 1 young (1024K), 1 survivors (1024K)
 Metaspace       used 130276K, committed 131456K, reserved 1179648K
  class space    used 18038K, committed 18624K, reserved 1048576K
}
Event: 1599.855 GC heap before
{Heap before GC invocations=74 (full 0):
 garbage-first heap   total 297984K, used 259727K [0x0000000080000000, 0x0000000100000000)
  region size 1024K, 106 young (108544K), 1 survivors (1024K)
 Metaspace       used 130557K, committed 131712K, reserved 1179648K
  class space    used 18039K, committed 18624K, reserved 1048576K
}
Event: 1599.988 GC heap after
{Heap after GC invocations=75 (full 0):
 garbage-first heap   total 297984K, used 148524K [0x0000000080000000, 0x0000000100000000)
  region size 1024K, 12 young (12288K), 12 survivors (12288K)
 Metaspace       used 130557K, committed 131712K, reserved 1179648K
  class space    used 18039K, committed 18624K, reserved 1048576K
}
Event: 1600.037 GC heap before
{Heap before GC invocations=75 (full 0):
 garbage-first heap   total 297984K, used 150572K [0x0000000080000000, 0x0000000100000000)
  region size 1024K, 14 young (14336K), 12 survivors (12288K)
 Metaspace       used 130566K, committed 131712K, reserved 1179648K
  class space    used 18039K, committed 18624K, reserved 1048576K
}
Event: 1600.119 GC heap after
{Heap after GC invocations=76 (full 0):
 garbage-first heap   total 297984K, used 140144K [0x0000000080000000, 0x0000000100000000)
  region size 1024K, 2 young (2048K), 2 survivors (2048K)
 Metaspace       used 130566K, committed 131712K, reserved 1179648K
  class space    used 18039K, committed 18624K, reserved 1048576K
}
Event: 1600.797 GC heap before
{Heap before GC invocations=76 (full 0):
 garbage-first heap   total 297984K, used 151408K [0x0000000080000000, 0x0000000100000000)
  region size 1024K, 15 young (15360K), 2 survivors (2048K)
 Metaspace       used 130662K, committed 131840K, reserved 1179648K
  class space    used 18040K, committed 18624K, reserved 1048576K
}
Event: 1600.812 GC heap after
{Heap after GC invocations=77 (full 0):
 garbage-first heap   total 297984K, used 139685K [0x0000000080000000, 0x0000000100000000)
  region size 1024K, 1 young (1024K), 1 survivors (1024K)
 Metaspace       used 130662K, committed 131840K, reserved 1179648K
  class space    used 18040K, committed 18624K, reserved 1048576K
}
Event: 1746.905 GC heap before
{Heap before GC invocations=78 (full 0):
 garbage-first heap   total 297984K, used 259493K [0x0000000080000000, 0x0000000100000000)
  region size 1024K, 105 young (107520K), 1 survivors (1024K)
 Metaspace       used 131893K, committed 133440K, reserved 1179648K
  class space    used 18284K, committed 19008K, reserved 1048576K
}
Event: 1747.004 GC heap after
{Heap after GC invocations=79 (full 0):
 garbage-first heap   total 297984K, used 149930K [0x0000000080000000, 0x0000000100000000)
  region size 1024K, 11 young (11264K), 11 survivors (11264K)
 Metaspace       used 131893K, committed 133440K, reserved 1179648K
  class space    used 18284K, committed 19008K, reserved 1048576K
}
Event: 1747.106 GC heap before
{Heap before GC invocations=79 (full 0):
 garbage-first heap   total 297984K, used 151978K [0x0000000080000000, 0x0000000100000000)
  region size 1024K, 14 young (14336K), 11 survivors (11264K)
 Metaspace       used 131893K, committed 133440K, reserved 1179648K
  class space    used 18284K, committed 19008K, reserved 1048576K
}
Event: 1747.220 GC heap after
{Heap after GC invocations=80 (full 0):
 garbage-first heap   total 297984K, used 142387K [0x0000000080000000, 0x0000000100000000)
  region size 1024K, 2 young (2048K), 2 survivors (2048K)
 Metaspace       used 131893K, committed 133440K, reserved 1179648K
  class space    used 18284K, committed 19008K, reserved 1048576K
}
Event: 1781.449 GC heap before
{Heap before GC invocations=80 (full 0):
 garbage-first heap   total 297984K, used 242739K [0x0000000080000000, 0x0000000100000000)
  region size 1024K, 100 young (102400K), 2 survivors (2048K)
 Metaspace       used 132199K, committed 133824K, reserved 1179648K
  class space    used 18309K, committed 19072K, reserved 1048576K
}

